Array
(
    [id] => 99194
    [email] => Susan.A.Purcell@efleets.com
    [password] => 123456
)
#-18-12-12 06:31:18Array
(
    [id] => 99194
    [email] => Susan.A.Purcell@efleets.com
    [password] => 123456
)
#-18-12-12 06:32:58Array
(
    [id] => 99194
    [email] => Susan.A.Purcell@efleets.com
    [password] => 123456
)
#-18-12-12 06:34:14Array
(
    [accessKey] => 8a11d210773eedba9304628847d85b86
    [email] => Susan.A.Purcell@efleets.com
    [password] => 123456
    [id] => 99194
)
#-18-12-12 06:34:18Array
(
    [accessKey] => 8a11d210773eedba9304628847d85b86
    [email] => Susan.A.Purcell@efleets.com
    [password] => 123456
    [id] => 99194
)
#-18-12-12 06:40:25Array
(
    [id] => 99194
    [email] => Susan.A.Purcell@efleets.com
    [password] => 123456
)
#-18-12-12 06:44:32Array
(
    [id] => 99194
    [email] => Susan.A.Purcell@efleets.com
    [password] => 123456
)
